<?xml version="1.0" encoding="UTF-8"?>
<!-- Generated by org.testng.reporters.JUnitReportReporter -->
<testsuite hostname="Yixues-MacBook-Pro-2.local" name="WelcomeTest" tests="1" failures="0" timestamp="24 Jul 2019 22:24:01 GMT" time="1.705" errors="0">
  <testcase name="testSendKeys" time="1.705" classname="WelcomeTest"/>
</testsuite> <!-- WelcomeTest -->
